21:38:53.040 [main] INFO  app.repository.hibernate.HibernateUtils - Creating Hibernate SessionFactory
21:38:53.185 [main] INFO  org.hibernate.Version - HHH000412: Hibernate ORM core version 6.4.4.Final
21:38:53.272 [main] INFO  app.repository.hibernate.HibernateUtils - Hibernate configuration created, building SessionFactory
21:38:53.316 [main] INFO  org.hibernate.cache.internal.RegionFactoryInitiator - HHH000026: Second-level cache disabled
21:38:53.516 [main] WARN  org.hibernate.orm.connections.pooling - HHH10001002: Using built-in connection pool (not intended for production use)
21:38:53.520 [main] INFO  org.hibernate.orm.connections.pooling - HHH10001005: Loaded JDBC driver class: org.sqlite.JDBC
21:38:53.520 [main] INFO  org.hibernate.orm.connections.pooling - HHH10001012: Connecting with JDBC URL [jdbc:sqlite:E:/UBB/Year-2/Sem-2/MPP/Labs/JavaApp/identifier.sqlite]
21:38:53.520 [main] INFO  org.hibernate.orm.connections.pooling - HHH10001001: Connection properties: {user=, password=****}
21:38:53.520 [main] INFO  org.hibernate.orm.connections.pooling - HHH10001003: Autocommit mode: false
21:38:53.524 [main] INFO  org.hibernate.orm.connections.pooling - HHH10001115: Connection pool size: 20 (min=1)
21:38:54.874 [main] DEBUG app.model.hibernate.HibernateTicket - Creating empty HibernateTicket instance
21:38:54.884 [main] DEBUG app.model.hibernate.HibernateMatch - Creating empty HibernateMatch instance
21:38:54.884 [main] DEBUG app.model.hibernate.HibernateUser - Creating empty HibernateUser instance
21:38:55.069 [main] INFO  org.hibernate.engine.transaction.jta.platform.internal.JtaPlatformInitiator - HHH000489: No JTA platform available (set 'hibernate.transaction.jta.platform' to enable JTA platform integration)
21:38:55.098 [main] INFO  org.hibernate.orm.connections.access - HHH10001501: Connection obtained from JdbcConnectionAccess [org.hibernate.engine.jdbc.env.internal.JdbcEnvironmentInitiator$ConnectionProviderJdbcConnectionAccess@193bb809] for (non-JTA) DDL execution was not in auto-commit mode; the Connection 'local transaction' will be committed and the Connection will be set into auto-commit mode.
21:39:07.741 [Thread-1] INFO  app.repository.hibernate.UserRepositoryHibernate - Finding user with username=admin
21:39:08.221 [Thread-1] DEBUG app.model.hibernate.HibernateUser - Creating empty HibernateUser instance
21:39:08.228 [Thread-1] DEBUG app.model.hibernate.HibernateUser - Converting HibernateUser to User: id=1
21:39:08.228 [Thread-1] DEBUG app.model.User - Creating User instance: id=1, username=admin
21:39:08.229 [Thread-1] INFO  app.repository.hibernate.UserRepositoryHibernate - Found user: admin
21:39:08.945 [JavaFX Application Thread] DEBUG app.model.User - Creating User instance: id=1, username=admin
21:39:08.950 [Thread-1] INFO  app.repository.hibernate.MatchRepositoryHibernate - Fetching available matches with Hibernate
21:39:08.978 [Thread-1] DEBUG app.model.hibernate.HibernateMatch - Creating empty HibernateMatch instance
21:39:08.983 [Thread-1] DEBUG app.model.hibernate.HibernateMatch - Creating empty HibernateMatch instance
21:39:08.984 [Thread-1] DEBUG app.model.hibernate.HibernateMatch - Creating empty HibernateMatch instance
21:39:08.985 [Thread-1] DEBUG app.model.hibernate.HibernateMatch - Converting HibernateMatch to Match: id=3
21:39:08.986 [Thread-1] DEBUG app.model.Match - Creating Match instance: id=3, teamA=Manchester United, teamB=Chelsea, price=50.0, seats=42
21:39:08.986 [Thread-1] DEBUG app.model.hibernate.HibernateMatch - Converting HibernateMatch to Match: id=1
21:39:08.986 [Thread-1] DEBUG app.model.Match - Creating Match instance: id=1, teamA=Real Madrid, teamB=Barcelona, price=100.0, seats=40
21:39:08.987 [Thread-1] DEBUG app.model.hibernate.HibernateMatch - Converting HibernateMatch to Match: id=2
21:39:08.987 [Thread-1] DEBUG app.model.Match - Creating Match instance: id=2, teamA=Bayern Munich, teamB=Borussia Dortmund, price=75.0, seats=18
21:39:08.987 [Thread-1] INFO  app.repository.hibernate.MatchRepositoryHibernate - Fetched 3 available matches
21:39:08.997 [Thread-4] DEBUG app.model.Match - Creating Match instance: id=3, teamA=Manchester United, teamB=Chelsea, price=50.0, seats=42
21:39:08.998 [Thread-4] DEBUG app.model.Match - Creating Match instance: id=1, teamA=Real Madrid, teamB=Barcelona, price=100.0, seats=40
21:39:08.998 [Thread-4] DEBUG app.model.Match - Creating Match instance: id=2, teamA=Bayern Munich, teamB=Borussia Dortmund, price=75.0, seats=18
21:39:11.747 [Thread-1] DEBUG app.model.User - Creating User instance: id=1, username=admin
21:59:52.357 [main] INFO  StartHibernateRpcServer - Starting Hibernate RPC Server
21:59:52.361 [main] INFO  StartHibernateRpcServer - Server properties loaded
21:59:52.362 [main] INFO  app.repository.hibernate.MatchRepositoryHibernate - Initializing Hibernate Match Repository
21:59:52.373 [main] INFO  app.repository.hibernate.HibernateUtils - Initializing Hibernate SessionFactory
21:59:52.484 [main] INFO  org.hibernate.Version - HHH000412: Hibernate ORM core version 6.4.4.Final
21:59:52.527 [main] INFO  app.repository.hibernate.HibernateUtils - Building Hibernate SessionFactory
21:59:52.588 [main] INFO  org.hibernate.cache.internal.RegionFactoryInitiator - HHH000026: Second-level cache disabled
21:59:52.811 [main] WARN  org.hibernate.orm.connections.pooling - HHH10001002: Using built-in connection pool (not intended for production use)
21:59:52.816 [main] INFO  org.hibernate.orm.connections.pooling - HHH10001005: Loaded JDBC driver class: org.sqlite.JDBC
21:59:52.816 [main] INFO  org.hibernate.orm.connections.pooling - HHH10001012: Connecting with JDBC URL [jdbc:sqlite:E:/UBB/Year-2/Sem-2/MPP/Labs/JavaApp/identifier.sqlite]
21:59:52.817 [main] INFO  org.hibernate.orm.connections.pooling - HHH10001001: Connection properties: {user=, password=****}
21:59:52.817 [main] INFO  org.hibernate.orm.connections.pooling - HHH10001003: Autocommit mode: false
21:59:52.820 [main] INFO  org.hibernate.orm.connections.pooling - HHH10001115: Connection pool size: 20 (min=1)
21:59:54.222 [main] DEBUG app.model.hibernate.HibernateTicket - Creating empty HibernateTicket instance
21:59:54.231 [main] DEBUG app.model.hibernate.HibernateMatch - Creating empty HibernateMatch instance
21:59:54.231 [main] DEBUG app.model.hibernate.HibernateUser - Creating empty HibernateUser instance
21:59:54.395 [main] INFO  org.hibernate.engine.transaction.jta.platform.internal.JtaPlatformInitiator - HHH000489: No JTA platform available (set 'hibernate.transaction.jta.platform' to enable JTA platform integration)
21:59:54.427 [main] INFO  org.hibernate.orm.connections.access - HHH10001501: Connection obtained from JdbcConnectionAccess [org.hibernate.engine.jdbc.env.internal.JdbcEnvironmentInitiator$ConnectionProviderJdbcConnectionAccess@4f116ca2] for (non-JTA) DDL execution was not in auto-commit mode; the Connection 'local transaction' will be committed and the Connection will be set into auto-commit mode.
21:59:54.440 [main] INFO  app.repository.hibernate.TicketRepositoryHibernate - Initializing Hibernate Ticket Repository
21:59:54.441 [main] INFO  app.repository.hibernate.UserRepositoryHibernate - Initializing Hibernate User Repository
21:59:54.454 [main] INFO  app.server.BasketballServicesImpl - Initializing BasketballServicesImpl
21:59:54.461 [main] INFO  StartHibernateRpcServer - Using port from properties: 55556
21:59:54.461 [main] INFO  StartHibernateRpcServer - Starting RPC Server with Hibernate persistence on port 55556
21:59:54.464 [main] INFO  app.network.utils.AbsConcurrentServer - Concurrent AbstractServer created on port 55556
21:59:54.464 [main] INFO  app.network.utils.BasketballRpcConcurrentServer - BasketballRpcConcurrentServer initialized on port 55556
21:59:54.464 [main] INFO  app.network.utils.AbstractServer - Starting AbstractServer on port 55556
21:59:54.465 [main] INFO  app.network.utils.AbstractServer - Server socket created and listening on port 55556
22:00:10.113 [main] INFO  app.network.utils.AbstractServer - Client connected from /127.0.0.1
22:00:10.127 [main] INFO  app.network.rpcprotocol.BasketballClientRpcReflectionWorker - Creating worker for client: /127.0.0.1:54846
22:00:10.132 [Thread-1] INFO  app.network.rpcprotocol.BasketballClientRpcReflectionWorker - Worker thread started
22:00:10.188 [Thread-1] INFO  app.network.rpcprotocol.BasketballClientRpcReflectionWorker - Processing LOGIN request
22:00:10.188 [Thread-1] INFO  app.server.BasketballServicesImpl - Login request: username=admin
22:00:10.726 [Thread-1] DEBUG app.model.hibernate.HibernateUser - Creating empty HibernateUser instance
22:00:10.734 [Thread-1] DEBUG app.model.hibernate.HibernateUser - Converting HibernateUser to User: id=1
22:00:10.735 [Thread-1] DEBUG app.model.User - Creating User instance: id=1, username=admin
22:00:10.735 [Thread-1] INFO  app.repository.hibernate.UserRepositoryHibernate - Found user with username=admin, id=1
22:00:10.736 [Thread-1] INFO  app.server.BasketballServicesImpl - Login successful: username=admin, id=1, total logged clients: 1
22:00:10.736 [Thread-1] INFO  app.network.rpcprotocol.BasketballClientRpcReflectionWorker - Login successful: username=admin, id=1
22:00:10.774 [Thread-1] INFO  app.network.rpcprotocol.BasketballClientRpcReflectionWorker - Processing GET_AVAILABLE_MATCHES request
22:00:10.774 [Thread-1] INFO  app.server.BasketballServicesImpl - Getting available matches
22:00:10.797 [Thread-1] DEBUG app.model.hibernate.HibernateMatch - Creating empty HibernateMatch instance
22:00:10.803 [Thread-1] DEBUG app.model.hibernate.HibernateMatch - Creating empty HibernateMatch instance
22:00:10.803 [Thread-1] DEBUG app.model.hibernate.HibernateMatch - Creating empty HibernateMatch instance
22:00:10.805 [Thread-1] DEBUG app.model.hibernate.HibernateMatch - Converting HibernateMatch to Match: id=3
22:00:10.805 [Thread-1] DEBUG app.model.Match - Creating Match instance: id=3, teamA=Manchester United, teamB=Chelsea, price=50.0, seats=42
22:00:10.805 [Thread-1] DEBUG app.model.hibernate.HibernateMatch - Converting HibernateMatch to Match: id=1
22:00:10.805 [Thread-1] DEBUG app.model.Match - Creating Match instance: id=1, teamA=Real Madrid, teamB=Barcelona, price=100.0, seats=40
22:00:10.805 [Thread-1] DEBUG app.model.hibernate.HibernateMatch - Converting HibernateMatch to Match: id=2
22:00:10.805 [Thread-1] DEBUG app.model.Match - Creating Match instance: id=2, teamA=Bayern Munich, teamB=Borussia Dortmund, price=75.0, seats=18
22:00:10.805 [Thread-1] INFO  app.repository.hibernate.MatchRepositoryHibernate - Found 3 available matches
22:00:10.806 [Thread-1] INFO  app.network.rpcprotocol.BasketballClientRpcReflectionWorker - Found 3 available matches
22:00:18.178 [Thread-1] INFO  app.network.rpcprotocol.BasketballClientRpcReflectionWorker - Processing SELL_TICKET request
22:00:18.178 [Thread-1] DEBUG app.model.Ticket - Creating Ticket instance: id=0, matchId=3, userId=1, customer=hatz, seats=2
22:00:18.178 [Thread-1] INFO  app.server.BasketballServicesImpl - Selling ticket: matchId=3, userId=1, customer=hatz, seats=2
22:00:18.186 [Thread-1] DEBUG app.model.hibernate.HibernateMatch - Creating empty HibernateMatch instance
22:00:18.186 [Thread-1] DEBUG app.model.hibernate.HibernateMatch - Converting HibernateMatch to Match: id=3
22:00:18.186 [Thread-1] DEBUG app.model.Match - Creating Match instance: id=3, teamA=Manchester United, teamB=Chelsea, price=50.0, seats=42
22:00:18.193 [Thread-1] INFO  app.repository.hibernate.MatchRepositoryHibernate - Found match with id=3: Match{id=3, teamA='Manchester United', teamB='Chelsea', ticketPrice=50.0, availableSeats=42}
22:00:18.193 [Thread-1] DEBUG app.model.Ticket - Creating Ticket instance: id=0, matchId=3, userId=1, customer=hatz, seats=2
22:00:18.196 [Thread-1] DEBUG app.model.hibernate.HibernateTicket - Creating HibernateTicket from Ticket: id=0, matchId=3, userId=1, seats=2
22:00:18.237 [Thread-1] INFO  app.repository.hibernate.TicketRepositoryHibernate - Ticket saved successfully with id: 57
22:00:18.238 [Thread-1] DEBUG app.model.hibernate.HibernateMatch - Creating empty HibernateMatch instance
22:00:18.239 [Thread-1] DEBUG app.model.hibernate.HibernateMatch - Setting HibernateMatch availableSeats from 42 to 40
22:00:18.257 [Thread-1] INFO  app.repository.hibernate.MatchRepositoryHibernate - Successfully updated seats for match id=3
22:00:18.259 [Thread-1] INFO  app.server.BasketballServicesImpl - Ticket sold successfully: matchId=3, seats=2
22:00:18.259 [Thread-1] INFO  app.network.rpcprotocol.BasketballClientRpcReflectionWorker - Ticket sold successfully
22:00:18.259 [pool-2-thread-1] INFO  app.network.rpcprotocol.BasketballClientRpcReflectionWorker - Sending ticket sold update to client
22:00:18.261 [Thread-1] INFO  app.network.rpcprotocol.BasketballClientRpcReflectionWorker - Processing GET_AVAILABLE_MATCHES request
22:00:18.262 [Thread-1] INFO  app.server.BasketballServicesImpl - Getting available matches
22:00:18.264 [Thread-1] DEBUG app.model.hibernate.HibernateMatch - Creating empty HibernateMatch instance
22:00:18.264 [Thread-1] DEBUG app.model.hibernate.HibernateMatch - Creating empty HibernateMatch instance
22:00:18.265 [Thread-1] DEBUG app.model.hibernate.HibernateMatch - Creating empty HibernateMatch instance
22:00:18.265 [Thread-1] DEBUG app.model.hibernate.HibernateMatch - Converting HibernateMatch to Match: id=1
22:00:18.265 [Thread-1] DEBUG app.model.Match - Creating Match instance: id=1, teamA=Real Madrid, teamB=Barcelona, price=100.0, seats=40
22:00:18.265 [Thread-1] DEBUG app.model.hibernate.HibernateMatch - Converting HibernateMatch to Match: id=3
22:00:18.265 [Thread-1] DEBUG app.model.Match - Creating Match instance: id=3, teamA=Manchester United, teamB=Chelsea, price=50.0, seats=40
22:00:18.265 [Thread-1] DEBUG app.model.hibernate.HibernateMatch - Converting HibernateMatch to Match: id=2
22:00:18.265 [Thread-1] DEBUG app.model.Match - Creating Match instance: id=2, teamA=Bayern Munich, teamB=Borussia Dortmund, price=75.0, seats=18
22:00:18.266 [Thread-1] INFO  app.repository.hibernate.MatchRepositoryHibernate - Found 3 available matches
22:00:18.266 [Thread-1] INFO  app.network.rpcprotocol.BasketballClientRpcReflectionWorker - Found 3 available matches
22:00:18.266 [Thread-1] INFO  app.network.rpcprotocol.BasketballClientRpcReflectionWorker - Processing GET_AVAILABLE_MATCHES request
22:00:18.267 [Thread-1] INFO  app.server.BasketballServicesImpl - Getting available matches
22:00:18.268 [Thread-1] DEBUG app.model.hibernate.HibernateMatch - Creating empty HibernateMatch instance
22:00:18.268 [Thread-1] DEBUG app.model.hibernate.HibernateMatch - Creating empty HibernateMatch instance
22:00:18.268 [Thread-1] DEBUG app.model.hibernate.HibernateMatch - Creating empty HibernateMatch instance
22:00:18.269 [Thread-1] DEBUG app.model.hibernate.HibernateMatch - Converting HibernateMatch to Match: id=1
22:00:18.269 [Thread-1] DEBUG app.model.Match - Creating Match instance: id=1, teamA=Real Madrid, teamB=Barcelona, price=100.0, seats=40
22:00:18.269 [Thread-1] DEBUG app.model.hibernate.HibernateMatch - Converting HibernateMatch to Match: id=3
22:00:18.269 [Thread-1] DEBUG app.model.Match - Creating Match instance: id=3, teamA=Manchester United, teamB=Chelsea, price=50.0, seats=40
22:00:18.269 [Thread-1] DEBUG app.model.hibernate.HibernateMatch - Converting HibernateMatch to Match: id=2
22:00:18.269 [Thread-1] DEBUG app.model.Match - Creating Match instance: id=2, teamA=Bayern Munich, teamB=Borussia Dortmund, price=75.0, seats=18
22:00:18.269 [Thread-1] INFO  app.repository.hibernate.MatchRepositoryHibernate - Found 3 available matches
22:00:18.269 [Thread-1] INFO  app.network.rpcprotocol.BasketballClientRpcReflectionWorker - Found 3 available matches
22:00:32.750 [main] INFO  app.network.utils.AbstractServer - Client connected from /127.0.0.1
22:00:32.751 [main] INFO  app.network.rpcprotocol.BasketballClientRpcReflectionWorker - Creating worker for client: /127.0.0.1:54880
22:00:32.753 [Thread-2] INFO  app.network.rpcprotocol.BasketballClientRpcReflectionWorker - Worker thread started
22:00:32.785 [Thread-2] INFO  app.network.rpcprotocol.BasketballClientRpcReflectionWorker - Processing LOGIN request
22:00:32.785 [Thread-2] INFO  app.server.BasketballServicesImpl - Login request: username=admin1
22:00:32.786 [Thread-2] DEBUG app.model.hibernate.HibernateUser - Creating empty HibernateUser instance
22:00:32.786 [Thread-2] DEBUG app.model.hibernate.HibernateUser - Converting HibernateUser to User: id=2
22:00:32.786 [Thread-2] DEBUG app.model.User - Creating User instance: id=2, username=admin1
22:00:32.787 [Thread-2] INFO  app.repository.hibernate.UserRepositoryHibernate - Found user with username=admin1, id=2
22:00:32.787 [Thread-2] INFO  app.server.BasketballServicesImpl - Login successful: username=admin1, id=2, total logged clients: 2
22:00:32.787 [Thread-2] INFO  app.network.rpcprotocol.BasketballClientRpcReflectionWorker - Login successful: username=admin1, id=2
22:00:32.796 [Thread-2] INFO  app.network.rpcprotocol.BasketballClientRpcReflectionWorker - Processing GET_AVAILABLE_MATCHES request
22:00:32.796 [Thread-2] INFO  app.server.BasketballServicesImpl - Getting available matches
22:00:32.797 [Thread-2] DEBUG app.model.hibernate.HibernateMatch - Creating empty HibernateMatch instance
22:00:32.798 [Thread-2] DEBUG app.model.hibernate.HibernateMatch - Creating empty HibernateMatch instance
22:00:32.798 [Thread-2] DEBUG app.model.hibernate.HibernateMatch - Creating empty HibernateMatch instance
22:00:32.798 [Thread-2] DEBUG app.model.hibernate.HibernateMatch - Converting HibernateMatch to Match: id=1
22:00:32.798 [Thread-2] DEBUG app.model.Match - Creating Match instance: id=1, teamA=Real Madrid, teamB=Barcelona, price=100.0, seats=40
22:00:32.798 [Thread-2] DEBUG app.model.hibernate.HibernateMatch - Converting HibernateMatch to Match: id=3
22:00:32.799 [Thread-2] DEBUG app.model.Match - Creating Match instance: id=3, teamA=Manchester United, teamB=Chelsea, price=50.0, seats=40
22:00:32.799 [Thread-2] DEBUG app.model.hibernate.HibernateMatch - Converting HibernateMatch to Match: id=2
22:00:32.799 [Thread-2] DEBUG app.model.Match - Creating Match instance: id=2, teamA=Bayern Munich, teamB=Borussia Dortmund, price=75.0, seats=18
22:00:32.799 [Thread-2] INFO  app.repository.hibernate.MatchRepositoryHibernate - Found 3 available matches
22:00:32.799 [Thread-2] INFO  app.network.rpcprotocol.BasketballClientRpcReflectionWorker - Found 3 available matches
22:00:39.096 [Thread-2] INFO  app.network.rpcprotocol.BasketballClientRpcReflectionWorker - Processing SELL_TICKET request
22:00:39.096 [Thread-2] DEBUG app.model.Ticket - Creating Ticket instance: id=0, matchId=1, userId=2, customer=h, seats=1
22:00:39.097 [Thread-2] INFO  app.server.BasketballServicesImpl - Selling ticket: matchId=1, userId=2, customer=h, seats=1
22:00:39.098 [Thread-2] DEBUG app.model.hibernate.HibernateMatch - Creating empty HibernateMatch instance
22:00:39.098 [Thread-2] DEBUG app.model.hibernate.HibernateMatch - Converting HibernateMatch to Match: id=1
22:00:39.099 [Thread-2] DEBUG app.model.Match - Creating Match instance: id=1, teamA=Real Madrid, teamB=Barcelona, price=100.0, seats=40
22:00:39.099 [Thread-2] INFO  app.repository.hibernate.MatchRepositoryHibernate - Found match with id=1: Match{id=1, teamA='Real Madrid', teamB='Barcelona', ticketPrice=100.0, availableSeats=40}
22:00:39.099 [Thread-2] DEBUG app.model.Ticket - Creating Ticket instance: id=0, matchId=1, userId=2, customer=h, seats=1
22:00:39.099 [Thread-2] DEBUG app.model.hibernate.HibernateTicket - Creating HibernateTicket from Ticket: id=0, matchId=1, userId=2, seats=1
22:00:39.109 [Thread-2] INFO  app.repository.hibernate.TicketRepositoryHibernate - Ticket saved successfully with id: 58
22:00:39.110 [Thread-2] DEBUG app.model.hibernate.HibernateMatch - Creating empty HibernateMatch instance
22:00:39.111 [Thread-2] DEBUG app.model.hibernate.HibernateMatch - Setting HibernateMatch availableSeats from 40 to 39
22:00:39.115 [Thread-2] INFO  app.repository.hibernate.MatchRepositoryHibernate - Successfully updated seats for match id=1
22:00:39.116 [Thread-2] INFO  app.server.BasketballServicesImpl - Ticket sold successfully: matchId=1, seats=1
22:00:39.116 [Thread-2] INFO  app.network.rpcprotocol.BasketballClientRpcReflectionWorker - Ticket sold successfully
22:00:39.116 [pool-3-thread-2] INFO  app.network.rpcprotocol.BasketballClientRpcReflectionWorker - Sending ticket sold update to client
22:00:39.116 [pool-3-thread-1] INFO  app.network.rpcprotocol.BasketballClientRpcReflectionWorker - Sending ticket sold update to client
22:00:39.119 [Thread-2] INFO  app.network.rpcprotocol.BasketballClientRpcReflectionWorker - Processing GET_AVAILABLE_MATCHES request
22:00:39.119 [Thread-2] INFO  app.server.BasketballServicesImpl - Getting available matches
22:00:39.120 [Thread-1] INFO  app.network.rpcprotocol.BasketballClientRpcReflectionWorker - Processing GET_AVAILABLE_MATCHES request
22:00:39.121 [Thread-2] DEBUG app.model.hibernate.HibernateMatch - Creating empty HibernateMatch instance
22:00:39.121 [Thread-2] DEBUG app.model.hibernate.HibernateMatch - Creating empty HibernateMatch instance
22:00:39.121 [Thread-2] DEBUG app.model.hibernate.HibernateMatch - Creating empty HibernateMatch instance
22:00:39.122 [Thread-2] DEBUG app.model.hibernate.HibernateMatch - Converting HibernateMatch to Match: id=3
22:00:39.122 [Thread-2] DEBUG app.model.Match - Creating Match instance: id=3, teamA=Manchester United, teamB=Chelsea, price=50.0, seats=40
22:00:39.122 [Thread-2] DEBUG app.model.hibernate.HibernateMatch - Converting HibernateMatch to Match: id=1
22:00:39.122 [Thread-2] DEBUG app.model.Match - Creating Match instance: id=1, teamA=Real Madrid, teamB=Barcelona, price=100.0, seats=39
22:00:39.122 [Thread-2] DEBUG app.model.hibernate.HibernateMatch - Converting HibernateMatch to Match: id=2
22:00:39.122 [Thread-2] DEBUG app.model.Match - Creating Match instance: id=2, teamA=Bayern Munich, teamB=Borussia Dortmund, price=75.0, seats=18
22:00:39.122 [Thread-2] INFO  app.repository.hibernate.MatchRepositoryHibernate - Found 3 available matches
22:00:39.122 [Thread-2] INFO  app.network.rpcprotocol.BasketballClientRpcReflectionWorker - Found 3 available matches
22:00:39.122 [Thread-1] INFO  app.server.BasketballServicesImpl - Getting available matches
22:00:39.123 [Thread-2] INFO  app.network.rpcprotocol.BasketballClientRpcReflectionWorker - Processing GET_AVAILABLE_MATCHES request
22:00:39.123 [Thread-1] DEBUG app.model.hibernate.HibernateMatch - Creating empty HibernateMatch instance
22:00:39.123 [Thread-1] DEBUG app.model.hibernate.HibernateMatch - Creating empty HibernateMatch instance
22:00:39.124 [Thread-1] DEBUG app.model.hibernate.HibernateMatch - Creating empty HibernateMatch instance
22:00:39.124 [Thread-1] DEBUG app.model.hibernate.HibernateMatch - Converting HibernateMatch to Match: id=3
22:00:39.125 [Thread-1] DEBUG app.model.Match - Creating Match instance: id=3, teamA=Manchester United, teamB=Chelsea, price=50.0, seats=40
22:00:39.125 [Thread-1] DEBUG app.model.hibernate.HibernateMatch - Converting HibernateMatch to Match: id=1
22:00:39.125 [Thread-1] DEBUG app.model.Match - Creating Match instance: id=1, teamA=Real Madrid, teamB=Barcelona, price=100.0, seats=39
22:00:39.125 [Thread-1] DEBUG app.model.hibernate.HibernateMatch - Converting HibernateMatch to Match: id=2
22:00:39.125 [Thread-1] DEBUG app.model.Match - Creating Match instance: id=2, teamA=Bayern Munich, teamB=Borussia Dortmund, price=75.0, seats=18
22:00:39.125 [Thread-1] INFO  app.repository.hibernate.MatchRepositoryHibernate - Found 3 available matches
22:00:39.125 [Thread-1] INFO  app.network.rpcprotocol.BasketballClientRpcReflectionWorker - Found 3 available matches
22:00:39.125 [Thread-2] INFO  app.server.BasketballServicesImpl - Getting available matches
22:00:39.126 [Thread-2] DEBUG app.model.hibernate.HibernateMatch - Creating empty HibernateMatch instance
22:00:39.127 [Thread-2] DEBUG app.model.hibernate.HibernateMatch - Creating empty HibernateMatch instance
22:00:39.127 [Thread-2] DEBUG app.model.hibernate.HibernateMatch - Creating empty HibernateMatch instance
22:00:39.128 [Thread-2] DEBUG app.model.hibernate.HibernateMatch - Converting HibernateMatch to Match: id=3
22:00:39.128 [Thread-2] DEBUG app.model.Match - Creating Match instance: id=3, teamA=Manchester United, teamB=Chelsea, price=50.0, seats=40
22:00:39.128 [Thread-2] DEBUG app.model.hibernate.HibernateMatch - Converting HibernateMatch to Match: id=1
22:00:39.128 [Thread-2] DEBUG app.model.Match - Creating Match instance: id=1, teamA=Real Madrid, teamB=Barcelona, price=100.0, seats=39
22:00:39.128 [Thread-2] DEBUG app.model.hibernate.HibernateMatch - Converting HibernateMatch to Match: id=2
22:00:39.128 [Thread-2] DEBUG app.model.Match - Creating Match instance: id=2, teamA=Bayern Munich, teamB=Borussia Dortmund, price=75.0, seats=18
22:00:39.128 [Thread-2] INFO  app.repository.hibernate.MatchRepositoryHibernate - Found 3 available matches
22:00:39.129 [Thread-2] INFO  app.network.rpcprotocol.BasketballClientRpcReflectionWorker - Found 3 available matches
22:00:43.693 [Thread-1] INFO  app.network.rpcprotocol.BasketballClientRpcReflectionWorker - Processing LOGOUT request
22:00:43.693 [Thread-1] DEBUG app.model.User - Creating User instance: id=1, username=admin
22:00:43.693 [Thread-1] INFO  app.server.BasketballServicesImpl - Logout: username=admin, id=1
22:00:43.693 [Thread-1] INFO  app.server.BasketballServicesImpl - User successfully logged out: username=admin, id=1, remaining clients: 1
22:00:43.693 [Thread-1] INFO  app.network.rpcprotocol.BasketballClientRpcReflectionWorker - Logout successful
22:00:43.694 [Thread-1] INFO  app.network.rpcprotocol.BasketballClientRpcReflectionWorker - Worker thread ending
22:00:43.694 [Thread-1] INFO  app.network.rpcprotocol.BasketballClientRpcReflectionWorker - Cleaning up worker resources
22:00:43.694 [Thread-1] INFO  app.server.BasketballServicesImpl - Logout: username=admin, id=1
22:00:43.694 [Thread-1] WARN  app.server.BasketballServicesImpl - User not found in logged clients: username=admin, id=1
22:00:43.696 [Thread-1] INFO  app.network.rpcprotocol.BasketballClientRpcReflectionWorker - Cleanup complete
22:00:46.664 [Thread-2] INFO  app.network.rpcprotocol.BasketballClientRpcReflectionWorker - Processing LOGOUT request
22:00:46.664 [Thread-2] DEBUG app.model.User - Creating User instance: id=2, username=admin1
22:00:46.664 [Thread-2] INFO  app.server.BasketballServicesImpl - Logout: username=admin1, id=2
22:00:46.664 [Thread-2] INFO  app.server.BasketballServicesImpl - User successfully logged out: username=admin1, id=2, remaining clients: 0
22:00:46.665 [Thread-2] INFO  app.network.rpcprotocol.BasketballClientRpcReflectionWorker - Logout successful
22:00:46.665 [Thread-2] INFO  app.network.rpcprotocol.BasketballClientRpcReflectionWorker - Worker thread ending
22:00:46.665 [Thread-2] INFO  app.network.rpcprotocol.BasketballClientRpcReflectionWorker - Cleaning up worker resources
22:00:46.666 [Thread-2] INFO  app.server.BasketballServicesImpl - Logout: username=admin1, id=2
22:00:46.666 [Thread-2] WARN  app.server.BasketballServicesImpl - User not found in logged clients: username=admin1, id=2
22:00:46.666 [Thread-2] INFO  app.network.rpcprotocol.BasketballClientRpcReflectionWorker - Cleanup complete
